<?xml version="1.0" encoding="UTF-8"?>
<!-- Generated by org.testng.reporters.JUnitXMLReporter -->
<testsuite ignored="1" hostname="DESKTOP-8DLIAI9" failures="0" tests="1" name="Test" time="12.199" errors="0" timestamp="2023-12-17T14:38:49 IST">
  <testcase classname="com.automation.testcases.LoginTest" name="loginApp" time="0.573"/>
  <testcase classname="com.automation.pages.BaseClass" name="@BeforeSuite setUpSuite" time="0.0">
    <ignored/>
  </testcase> <!-- @BeforeSuite setUpSuite -->
</testsuite> <!-- Test -->
