<?xml version="1.0" encoding="UTF-8"?>
<testng-results ignored="0" total="2" passed="2" failed="0" skipped="0">
  <reporter-output>
  </reporter-output>
  <suite started-at="2024-03-05T14:10:38 IST" name="Suite" finished-at="2024-03-05T14:10:57 IST" duration-ms="19252">
    <groups>
    </groups>
    <test started-at="2024-03-05T14:10:38 IST" name="Test" finished-at="2024-03-05T14:10:57 IST" duration-ms="19252">
      <class name="login.LoginTests">
        <test-method is-config="true" signature="setUp()[pri:0, instance:login.LoginTests@2af004b]" started-at="2024-03-05T14:10:38 IST" name="setUp" finished-at="2024-03-05T14:10:41 IST" duration-ms="3632" status="PASS">
          <reporter-output>
          </reporter-output>
        </test-method> <!-- setUp -->
        <test-method is-config="true" signature="goHome()[pri:0, instance:login.LoginTests@2af004b]" started-at="2024-03-05T14:10:41 IST" name="goHome" finished-at="2024-03-05T14:10:46 IST" duration-ms="4584" status="PASS">
          <reporter-output>
          </reporter-output>
        </test-method> <!-- goHome -->
        <test-method signature="testSuccessfulLogin()[pri:0, instance:login.LoginTests@2af004b]" started-at="2024-03-05T14:10:46 IST" name="testSuccessfulLogin" finished-at="2024-03-05T14:10:48 IST" duration-ms="2254" status="PASS">
          <reporter-output>
          </reporter-output>
        </test-method> <!-- testSuccessfulLogin -->
        <test-method is-config="true" signature="recordFailure(org.testng.ITestResult)[pri:0, instance:login.LoginTests@2af004b]" started-at="2024-03-05T14:10:48 IST" name="recordFailure" finished-at="2024-03-05T14:10:48 IST" duration-ms="3" status="PASS">
          <params>
            <param index="0">
              <value>
                <![CDATA[[TestResult name=testSuccessfulLogin status=SUCCESS method=LoginTests.testSuccessfulLogin()[pri:0, instance:login.LoginTests@2af004b] output={null}]]]>
              </value>
            </param>
          </params>
          <reporter-output>
          </reporter-output>
        </test-method> <!-- recordFailure -->
        <test-method is-config="true" signature="tearDown()[pri:0, instance:login.LoginTests@2af004b]" started-at="2024-03-05T14:10:48 IST" name="tearDown" finished-at="2024-03-05T14:10:48 IST" duration-ms="253" status="PASS">
          <reporter-output>
          </reporter-output>
        </test-method> <!-- tearDown -->
      </class> <!-- login.LoginTests -->
      <class name="hover.HoverTests">
        <test-method is-config="true" signature="setUp()[pri:0, instance:hover.HoverTests@7ef82753]" started-at="2024-03-05T14:10:48 IST" name="setUp" finished-at="2024-03-05T14:10:50 IST" duration-ms="1208" status="PASS">
          <reporter-output>
          </reporter-output>
        </test-method> <!-- setUp -->
        <test-method is-config="true" signature="goHome()[pri:0, instance:hover.HoverTests@7ef82753]" started-at="2024-03-05T14:10:50 IST" name="goHome" finished-at="2024-03-05T14:10:55 IST" duration-ms="5685" status="PASS">
          <reporter-output>
          </reporter-output>
        </test-method> <!-- goHome -->
        <test-method signature="testHoverUser1()[pri:0, instance:hover.HoverTests@7ef82753]" started-at="2024-03-05T14:10:55 IST" name="testHoverUser1" finished-at="2024-03-05T14:10:57 IST" duration-ms="1258" status="PASS">
          <reporter-output>
          </reporter-output>
        </test-method> <!-- testHoverUser1 -->
        <test-method is-config="true" signature="recordFailure(org.testng.ITestResult)[pri:0, instance:hover.HoverTests@7ef82753]" started-at="2024-03-05T14:10:57 IST" name="recordFailure" finished-at="2024-03-05T14:10:57 IST" duration-ms="0" status="PASS">
          <params>
            <param index="0">
              <value>
                <![CDATA[[TestResult name=testHoverUser1 status=SUCCESS method=HoverTests.testHoverUser1()[pri:0, instance:hover.HoverTests@7ef82753] output={null}]]]>
              </value>
            </param>
          </params>
          <reporter-output>
          </reporter-output>
        </test-method> <!-- recordFailure -->
        <test-method is-config="true" signature="tearDown()[pri:0, instance:hover.HoverTests@7ef82753]" started-at="2024-03-05T14:10:57 IST" name="tearDown" finished-at="2024-03-05T14:10:57 IST" duration-ms="279" status="PASS">
          <reporter-output>
          </reporter-output>
        </test-method> <!-- tearDown -->
      </class> <!-- hover.HoverTests -->
    </test> <!-- Test -->
  </suite> <!-- Suite -->
</testng-results>
