<?xml version="1.0" encoding="UTF-8"?>
<testng-results ignored="0" total="1" passed="1" failed="0" skipped="0">
  <reporter-output>
    <line>
      <![CDATA[Setting uo reports and Test is getting ready]]>
    </line>
    <line>
      <![CDATA[Setting done - Test can be started ]]>
    </line>
    <line>
      <![CDATA[Trying to start Browser and Getting Application ready]]>
    </line>
    <line>
      <![CDATA[Browser and application is up and ready ]]>
    </line>
    <line>
      <![CDATA[Test is about to end]]>
    </line>
    <line>
      <![CDATA[Test completed >>> Reports are Generated]]>
    </line>
  </reporter-output>
  <suite started-at="2023-12-16T16:26:30 IST" name="Default suite" finished-at="2023-12-16T16:26:40 IST" duration-ms="9533">
    <groups>
    </groups>
    <test started-at="2023-12-16T16:26:30 IST" name="Default test" finished-at="2023-12-16T16:26:40 IST" duration-ms="9533">
      <class name="com.automation.testcases.LoginTest">
        <test-method is-config="true" signature="setUpSuite()[pri:0, instance:com.automation.testcases.LoginTest@2767e23c]" started-at="2023-12-16T16:26:28 IST" name="setUpSuite" finished-at="2023-12-16T16:26:30 IST" duration-ms="2301" status="PASS">
          <reporter-output>
            <line>
              <![CDATA[Setting uo reports and Test is getting ready]]>
            </line>
            <line>
              <![CDATA[Setting done - Test can be started ]]>
            </line>
          </reporter-output>
        </test-method> <!-- setUpSuite -->
        <test-method is-config="true" signature="setUp()[pri:0, instance:com.automation.testcases.LoginTest@2767e23c]" started-at="2023-12-16T16:26:30 IST" name="setUp" finished-at="2023-12-16T16:26:38 IST" duration-ms="8027" status="PASS">
          <reporter-output>
            <line>
              <![CDATA[Trying to start Browser and Getting Application ready]]>
            </line>
            <line>
              <![CDATA[Browser and application is up and ready ]]>
            </line>
          </reporter-output>
        </test-method> <!-- setUp -->
        <test-method signature="loginApp()[pri:0, instance:com.automation.testcases.LoginTest@2767e23c]" started-at="2023-12-16T16:26:38 IST" name="loginApp" finished-at="2023-12-16T16:26:39 IST" duration-ms="498" status="PASS">
          <reporter-output>
          </reporter-output>
        </test-method> <!-- loginApp -->
        <test-method is-config="true" signature="tearDownMethd(org.testng.ITestResult)[pri:0, instance:com.automation.testcases.LoginTest@2767e23c]" started-at="2023-12-16T16:26:39 IST" name="tearDownMethd" finished-at="2023-12-16T16:26:39 IST" duration-ms="621" status="PASS">
          <params>
            <param index="0">
              <value>
                <![CDATA[[TestResult name=loginApp status=SUCCESS method=LoginTest.loginApp()[pri:0, instance:com.automation.testcases.LoginTest@2767e23c] output={null}]]]>
              </value>
            </param>
          </params>
          <reporter-output>
            <line>
              <![CDATA[Test is about to end]]>
            </line>
            <line>
              <![CDATA[Test completed >>> Reports are Generated]]>
            </line>
          </reporter-output>
        </test-method> <!-- tearDownMethd -->
        <test-method is-config="true" signature="tearDown()[pri:0, instance:com.automation.testcases.LoginTest@2767e23c]" started-at="2023-12-16T16:26:39 IST" name="tearDown" finished-at="2023-12-16T16:26:40 IST" duration-ms="323" status="PASS">
          <reporter-output>
          </reporter-output>
        </test-method> <!-- tearDown -->
      </class> <!-- com.automation.testcases.LoginTest -->
    </test> <!-- Default test -->
  </suite> <!-- Default suite -->
</testng-results>
