<?xml version="1.0" encoding="UTF-8"?>
<!-- Generated by org.testng.reporters.JUnitXMLReporter -->
<testsuite ignored="1" hostname="DESKTOP-8DLIAI9" failures="0" tests="1" name="Test" time="0.106" errors="0" timestamp="2024-01-15T11:00:31 IST">
  <testcase classname="com.automation.pages.BaseClass" name="@BeforeClass setUp" time="-1.705296631836E9">
    <failure type="org.testng.TestNGException" message="
Can inject only one of &amp;lt;ITestContext, XmlTest&amp;gt; into a @BeforeClass annotated setUp.
For more information on native dependency injection please refer to https://testng.org/doc/documentation-main.html#native-dependency-injection">
      <![CDATA[org.testng.TestNGException: 
Can inject only one of <ITestContext, XmlTest> into a @BeforeClass annotated setUp.
For more information on native dependency injection please refer to https://testng.org/doc/documentation-main.html#native-dependency-injection
at java.base/java.util.ArrayList.forEach(ArrayList.java:1511)
... Removed 22 stack frames]]>
    </failure>
  </testcase> <!-- @BeforeClass setUp -->
  <testcase classname="com.automation.pages.BaseClass" name="@AfterMethod tearDownMethd" time="0.0">
    <skipped/>
  </testcase> <!-- @AfterMethod tearDownMethd -->
  <testcase classname="com.automation.pages.BaseClass" name="@AfterClass tearDown" time="0.0">
    <skipped/>
  </testcase> <!-- @AfterClass tearDown -->
  <testcase classname="com.automation.testcases.LoginTest" name="loginApp" time="0.001">
    <skipped/>
  </testcase> <!-- loginApp -->
  <testcase classname="com.automation.pages.BaseClass" name="@BeforeSuite setUpSuite" time="0.0">
    <ignored/>
  </testcase> <!-- @BeforeSuite setUpSuite -->
</testsuite> <!-- Test -->
