<?xml version="1.0" encoding="UTF-8"?>
<testng-results ignored="0" total="1" passed="1" failed="0" skipped="0">
  <reporter-output>
    <line>
      <![CDATA[Setting up reports and Test is getting ready]]>
    </line>
    <line>
      <![CDATA[Setting done - Test can be started ]]>
    </line>
    <line>
      <![CDATA[Trying to start Browser and Getting Application ready]]>
    </line>
    <line>
      <![CDATA[Browser and application is up and ready ]]>
    </line>
    <line>
      <![CDATA[Test is about to end]]>
    </line>
    <line>
      <![CDATA[Test completed >>> Reports are Generated]]>
    </line>
  </reporter-output>
  <suite started-at="2023-12-17T14:38:37 IST" name="Suite" finished-at="2023-12-17T14:38:49 IST" duration-ms="12199">
    <groups>
    </groups>
    <test started-at="2023-12-17T14:38:37 IST" name="Test" finished-at="2023-12-17T14:38:49 IST" duration-ms="12199">
      <class name="com.automation.testcases.LoginTest">
        <test-method is-config="true" signature="setUpSuite()[pri:0, instance:com.automation.testcases.LoginTest@2b662a77]" started-at="2023-12-17T14:38:34 IST" name="setUpSuite" finished-at="2023-12-17T14:38:37 IST" duration-ms="3306" status="PASS">
          <reporter-output>
            <line>
              <![CDATA[Setting up reports and Test is getting ready]]>
            </line>
            <line>
              <![CDATA[Setting done - Test can be started ]]>
            </line>
          </reporter-output>
        </test-method> <!-- setUpSuite -->
        <test-method is-config="true" signature="setUp(java.lang.String,java.lang.String)[pri:0, instance:com.automation.testcases.LoginTest@2b662a77]" started-at="2023-12-17T14:38:37 IST" name="setUp" finished-at="2023-12-17T14:38:48 IST" duration-ms="10475" status="PASS">
          <params>
            <param index="0">
              <value>
                <![CDATA[Chrome]]>
              </value>
            </param>
            <param index="1">
              <value>
                <![CDATA[https://ui.cogmento.com/]]>
              </value>
            </param>
          </params>
          <reporter-output>
            <line>
              <![CDATA[Trying to start Browser and Getting Application ready]]>
            </line>
            <line>
              <![CDATA[Browser and application is up and ready ]]>
            </line>
          </reporter-output>
        </test-method> <!-- setUp -->
        <test-method signature="loginApp()[pri:0, instance:com.automation.testcases.LoginTest@2b662a77]" started-at="2023-12-17T14:38:48 IST" name="loginApp" finished-at="2023-12-17T14:38:48 IST" duration-ms="573" status="PASS">
          <reporter-output>
          </reporter-output>
        </test-method> <!-- loginApp -->
        <test-method is-config="true" signature="tearDownMethd(org.testng.ITestResult)[pri:0, instance:com.automation.testcases.LoginTest@2b662a77]" started-at="2023-12-17T14:38:48 IST" name="tearDownMethd" finished-at="2023-12-17T14:38:49 IST" duration-ms="815" status="PASS">
          <params>
            <param index="0">
              <value>
                <![CDATA[[TestResult name=loginApp status=SUCCESS method=LoginTest.loginApp()[pri:0, instance:com.automation.testcases.LoginTest@2b662a77] output={null}]]]>
              </value>
            </param>
          </params>
          <reporter-output>
            <line>
              <![CDATA[Test is about to end]]>
            </line>
            <line>
              <![CDATA[Test completed >>> Reports are Generated]]>
            </line>
          </reporter-output>
        </test-method> <!-- tearDownMethd -->
        <test-method is-config="true" signature="tearDown()[pri:0, instance:com.automation.testcases.LoginTest@2b662a77]" started-at="2023-12-17T14:38:49 IST" name="tearDown" finished-at="2023-12-17T14:38:49 IST" duration-ms="267" status="PASS">
          <reporter-output>
          </reporter-output>
        </test-method> <!-- tearDown -->
      </class> <!-- com.automation.testcases.LoginTest -->
    </test> <!-- Test -->
  </suite> <!-- Suite -->
</testng-results>
