<?xml version="1.0" encoding="UTF-8"?>
<testng-results ignored="0" total="1" passed="1" failed="0" skipped="0">
  <reporter-output>
    <line>
      <![CDATA[Setting up reports and Test is getting ready]]>
    </line>
    <line>
      <![CDATA[Setting done - Test can be started ]]>
    </line>
    <line>
      <![CDATA[Trying to start Browser and Getting Application ready]]>
    </line>
    <line>
      <![CDATA[Browser and application is up and ready ]]>
    </line>
    <line>
      <![CDATA[Test is about to end]]>
    </line>
    <line>
      <![CDATA[Test completed >>> Reports are Generated]]>
    </line>
  </reporter-output>
  <suite started-at="2024-01-29T17:52:25 IST" name="Suite" finished-at="2024-01-29T17:52:52 IST" duration-ms="26593">
    <groups>
    </groups>
    <test started-at="2024-01-29T17:52:25 IST" name="Test" finished-at="2024-01-29T17:52:52 IST" duration-ms="26593">
      <class name="com.automation.testcases.LoginTest">
        <test-method is-config="true" signature="setUpSuite()[pri:0, instance:com.automation.testcases.LoginTest@69e153c5]" started-at="2024-01-29T17:52:21 IST" name="setUpSuite" finished-at="2024-01-29T17:52:25 IST" duration-ms="4714" status="PASS">
          <reporter-output>
            <line>
              <![CDATA[Setting up reports and Test is getting ready]]>
            </line>
            <line>
              <![CDATA[Setting done - Test can be started ]]>
            </line>
          </reporter-output>
        </test-method> <!-- setUpSuite -->
        <test-method is-config="true" signature="setUp()[pri:0, instance:com.automation.testcases.LoginTest@69e153c5]" started-at="2024-01-29T17:52:25 IST" name="setUp" finished-at="2024-01-29T17:52:39 IST" duration-ms="13268" status="PASS">
          <reporter-output>
            <line>
              <![CDATA[Trying to start Browser and Getting Application ready]]>
            </line>
            <line>
              <![CDATA[Browser and application is up and ready ]]>
            </line>
          </reporter-output>
        </test-method> <!-- setUp -->
        <test-method signature="loginApp()[pri:0, instance:com.automation.testcases.LoginTest@69e153c5]" started-at="2024-01-29T17:52:39 IST" name="loginApp" finished-at="2024-01-29T17:52:50 IST" duration-ms="11540" status="PASS">
          <reporter-output>
          </reporter-output>
        </test-method> <!-- loginApp -->
        <test-method is-config="true" signature="tearDownMethd(org.testng.ITestResult)[pri:0, instance:com.automation.testcases.LoginTest@69e153c5]" started-at="2024-01-29T17:52:50 IST" name="tearDownMethd" finished-at="2024-01-29T17:52:52 IST" duration-ms="1668" status="PASS">
          <params>
            <param index="0">
              <value>
                <![CDATA[[TestResult name=loginApp status=SUCCESS method=LoginTest.loginApp()[pri:0, instance:com.automation.testcases.LoginTest@69e153c5] output={null}]]]>
              </value>
            </param>
          </params>
          <reporter-output>
            <line>
              <![CDATA[Test is about to end]]>
            </line>
            <line>
              <![CDATA[Test completed >>> Reports are Generated]]>
            </line>
          </reporter-output>
        </test-method> <!-- tearDownMethd -->
        <test-method is-config="true" signature="tearDown()[pri:0, instance:com.automation.testcases.LoginTest@69e153c5]" started-at="2024-01-29T17:52:52 IST" name="tearDown" finished-at="2024-01-29T17:52:52 IST" duration-ms="2" status="PASS">
          <reporter-output>
          </reporter-output>
        </test-method> <!-- tearDown -->
      </class> <!-- com.automation.testcases.LoginTest -->
    </test> <!-- Test -->
  </suite> <!-- Suite -->
</testng-results>
